<?xml version="1.0" encoding="UTF-8"?>
<!-- Generated by org.testng.reporters.JUnitReportReporter -->
<testsuite hostname="DESKTOP-NRO9H63" failures="0" tests="5" name="StringFunctionClassTest" time="0.014" errors="0" timestamp="16 May 2021 11:26:22 GMT" skipped="0">
  <testcase classname="StringFunctionClassTest" name="testCheckIfPalindrome_forSingleCharacter" time="0.001"/>
  <testcase classname="StringFunctionClassTest" name="testCheckIfPalindrome_forAllSameCharacter" time="0.005"/>
  <testcase classname="StringFunctionClassTest" name="testCheckIfPalindrome_forDifferentCharacter" time="0.002"/>
  <testcase classname="StringFunctionClassTest" name="testCheckIfPalindrome_forBlankInput" time="0.004"/>
  <testcase classname="StringFunctionClassTest" name="testCheckIfPalindrome_forNullParameter" time="0.002"/>
</testsuite> <!-- StringFunctionClassTest -->
